<?xml version="1.0" encoding="UTF-8"?>
<testsuite name="com.openex.backend.ledger.LedgerServiceTest" tests="3" skipped="0" failures="0" errors="0" timestamp="2026-08-20T11:16:06" hostname="DESKTOP-U2OQGJ4" time="3.509">
  <properties/>
  <testcase name="ledger entries are immutable — no updates are called()" classname="com.openex.backend.ledger.LedgerServiceTest" time="3.462"/>
  <testcase name="double-entry invariant — debits equal credits for each currency()" classname="com.openex.backend.ledger.LedgerServiceTest" time="0.028"/>
  <testcase name="settleTrade creates exactly four ledger entries()" classname="com.openex.backend.ledger.LedgerServiceTest" time="0.011"/>
  <system-out><![CDATA[13:16:10.108 [Test worker] INFO com.openex.backend.ledger.LedgerService -- Settled trade null — 1 BTC @ 50000 USD (buyer: buyer, seller: seller)
13:16:10.266 [Test worker] INFO com.openex.backend.ledger.LedgerService -- Settled trade null — 0.5 BTC @ 40000 USD (buyer: buyer, seller: seller)
13:16:10.280 [Test worker] INFO com.openex.backend.ledger.LedgerService -- Settled trade null — 1 BTC @ 50000 USD (buyer: buyer, seller: seller)
]]></system-out>
  <system-err><![CDATA[WARNING: A Java agent has been loaded dynamically (C:\Users\CAPACITI-JHB\.gradle\caches\modules-2\files-2.1\net.bytebuddy\byte-buddy-agent\1.15.11\a38b16385e867f59a641330f0362ebe742788ed8\byte-buddy-agent-1.15.11.jar)
WARNING: If a serviceability tool is in use, please run with -XX:+EnableDynamicAgentLoading to hide this warning
WARNING: If a serviceability tool is not in use, please run with -Djdk.instrument.traceUsage for more information
WARNING: Dynamic loading of agents will be disallowed by default in a future release
]]></system-err>
</testsuite>
