<?xml version="1.0" encoding="UTF-8"?>
<testsuite name="com.openex.backend.matching.OrderBookTest" tests="9" skipped="0" failures="0" errors="0" timestamp="2026-08-20T11:16:10" hostname="DESKTOP-U2OQGJ4" time="0.023">
  <properties/>
  <testcase name="bid matches at ask price (price-time priority)()" classname="com.openex.backend.matching.OrderBookTest" time="0.003"/>
  <testcase name="market buy matches regardless of price()" classname="com.openex.backend.matching.OrderBookTest" time="0.001"/>
  <testcase name="partial fill — resting order partially consumed()" classname="com.openex.backend.matching.OrderBookTest" time="0.001"/>
  <testcase name="exact match — bid equals ask()" classname="com.openex.backend.matching.OrderBookTest" time="0.002"/>
  <testcase name="no match when bid is below ask()" classname="com.openex.backend.matching.OrderBookTest" time="0.002"/>
  <testcase name="market sell with no bids — no match()" classname="com.openex.backend.matching.OrderBookTest" time="0.001"/>
  <testcase name="remove order — not available for matching()" classname="com.openex.backend.matching.OrderBookTest" time="0.002"/>
  <testcase name="highest bid matches first when two bids compete for one ask()" classname="com.openex.backend.matching.OrderBookTest" time="0.002"/>
  <testcase name="bestBid and bestAsk return correct prices()" classname="com.openex.backend.matching.OrderBookTest" time="0.001"/>
  <system-out><![CDATA[]]></system-out>
  <system-err><![CDATA[]]></system-err>
</testsuite>
